1698779147295:help
1698779296346:add
1698779312496:add --f Denis --l Bezrukov --a 26
1698779338747:remove
1698779534052:add --f Denis --l Bezrukov --a 26
1698779549184:delete --id 655d2c19-a0ce-4738-845a-587b37cd617e
1698779555232:delete
1698779565305:remove --id 655d2c19-a0ce-4738-845a-587b37cd617e
1698780259330:help
1698780266411:help add
1698780282537:add Denis Bezrukov 26
1698780298623:remove b4f03978-6c5b-4627-9563-f71ae8f76a2a
1698780328845:remove-all
1698780355119:add Denis Bezrukov 26
1698780358148:remove-all
1698780367240:remove aa5834ad-d42b-4207-ae58-0e6b2928953a
1698780408813:remove-all
1698815803483:help
1698815812572:add Denis Bezrukov 25
1698815823674:remove e7161f06-b7a9-49bb-bc1a-1c593935eb63
1698815829726:remove-all
1698816193035:help
1698816375070:show
1698816390189:add bezrukov Denis 25
1698816394229:show
1698842251551:add --f Bezrukov --l Alexey --a 22
